05/03/26 20:17:50 - alejandrito el mago con varita Ha subido de nivel,
05/03/26 20:17:51 - alejandrito el mago con varita ha aumentado sus puntos de vida 1.0 puntos, dejandolo con 101.0 puntos de vida
05/03/26 20:17:51 - alejandrito el mago con varita ha aumentado sus puntos de resistencia 1.0 puntos, dejandolo con 11.0 puntos de resistencia
05/03/26 20:17:51 - alejandrito el mago con varita ha aumentado sus puntos de velocidad 1.0 puntos, dejandolo con 11.0 puntos de velocidad
05/03/26 20:17:51 - alejandrito el mago con varita ha aumentado sus puntos de magia 1.0 puntos, dejandolo con 11.0 puntos de magia
05/03/26 20:18:57 - alejandrito el mago con varita Ha subido de nivel,
05/03/26 20:18:57 - alejandrito el mago con varita ha aumentado sus puntos de vida 1.0 puntos, dejandolo con 101.0 puntos de vida
05/03/26 20:18:57 - alejandrito el mago con varita ha aumentado sus puntos de resistencia 1.0 puntos, dejandolo con 11.0 puntos de resistencia
05/03/26 20:18:57 - alejandrito el mago con varita ha aumentado sus puntos de magia 1.0 puntos, dejandolo con 11.0 puntos de magia
05/03/26 20:20:40 - alejandrito el mago con varita Ha subido de nivel,
05/03/26 20:20:40 - alejandrito el mago con varita ha aumentado sus puntos de vida 1.0 puntos, dejandolo con 101.0 puntos de vida
05/03/26 20:20:40 - alejandrito el mago con varita ha aumentado sus puntos de resistencia 1.0 puntos, dejandolo con 11.0 puntos de resistencia
05/03/26 20:20:40 - alejandrito el mago con varita ha aumentado sus puntos de velocidad 1.0 puntos, dejandolo con 11.0 puntos de velocidad
05/03/26 20:20:40 - alejandrito el mago con varita ha aumentado sus puntos de magia 1.0 puntos, dejandolo con 11.0 puntos de magia
05/03/26 20:23:40 - alejandrito el mago con varita Ha subido de nivel,
05/03/26 20:23:40 - alejandrito el mago con varita ha aumentado sus puntos de vida 1.0 puntos, dejandolo con 101.0 puntos de vida
05/03/26 20:23:40 - alejandrito el mago con varita ha aumentado sus puntos de armadura 1.0 puntos, dejandolo con 11.0 puntos de armadura
05/03/26 20:23:40 - alejandrito el mago con varita ha aumentado sus puntos de resistencia 1.0 puntos, dejandolo con 11.0 puntos de resistencia
05/03/26 20:23:40 - alejandrito el mago con varita ha aumentado sus puntos de velocidad 1.0 puntos, dejandolo con 11.0 puntos de velocidad
05/03/26 20:23:40 - alejandrito el mago con varita ha aumentado sus puntos de magia 1.0 puntos, dejandolo con 11.0 puntos de magia
05/03/26 20:23:52 - alejandrito el mago con varita Ha subido de nivel,
05/03/26 20:23:52 - alejandrito el mago con varita ha aumentado sus puntos de armadura 1.0 puntos, dejandolo con 11.0 puntos de armadura
05/03/26 20:23:52 - alejandrito el mago con varita ha aumentado sus puntos de resistencia 1.0 puntos, dejandolo con 11.0 puntos de resistencia
05/03/26 20:23:52 - alejandrito el mago con varita ha aumentado sus puntos de magia 1.0 puntos, dejandolo con 11.0 puntos de magia
05/03/26 20:25:30 - alejandrito el mago con varita Ha subido de nivel,
05/03/26 20:25:30 - alejandrito el mago con varita ha aumentado sus puntos de vida 1.0 puntos, dejandolo con 101.0 puntos de vida
05/03/26 20:25:30 - alejandrito el mago con varita ha aumentado sus puntos de armadura 1.0 puntos, dejandolo con 11.0 puntos de armadura
05/03/26 20:25:30 - alejandrito el mago con varita ha aumentado sus puntos de velocidad 1.0 puntos, dejandolo con 11.0 puntos de velocidad
05/03/26 20:25:30 - alejandrito el mago con varita ha aumentado sus puntos de magia 1.0 puntos, dejandolo con 11.0 puntos de magia
05/03/26 20:25:40 - alejandrito el mago con varita Ha subido de nivel,
05/03/26 20:25:40 - alejandrito el mago con varita ha aumentado sus puntos de armadura 1.0 puntos, dejandolo con 11.0 puntos de armadura
05/03/26 20:25:40 - alejandrito el mago con varita ha aumentado sus puntos de velocidad 1.0 puntos, dejandolo con 11.0 puntos de velocidad
05/03/26 20:25:40 - alejandrito el mago con varita ha aumentado sus puntos de magia 1.0 puntos, dejandolo con 11.0 puntos de magia
05/03/26 20:28:47 - alejandrito el mago con varita Ha subido de nivel,
05/03/26 20:28:47 - alejandrito el mago con varita ha aumentado sus puntos de velocidad 1.0 puntos, dejandolo con 11.0 puntos de velocidad
05/03/26 20:28:47 - alejandrito el mago con varita ha aumentado sus puntos de magia 1.0 puntos, dejandolo con 11.0 puntos de magia
